<?xml version="1.0" encoding="UTF-8"?>
<testng-results ignored="0" total="1" passed="1" failed="0" skipped="0">
  <reporter-output>
  </reporter-output>
  <suite started-at="2025-05-06T20:00:39 IST" name="Suite" finished-at="2025-05-06T20:01:06 IST" duration-ms="27724">
    <groups>
    </groups>
    <test started-at="2025-05-06T20:00:39 IST" name="Test" finished-at="2025-05-06T20:01:06 IST" duration-ms="27724">
      <class name="testCases.TC001_FlipkartSearch">
        <test-method is-config="true" signature="setUp(java.lang.String,java.lang.String)[pri:0, instance:testCases.TC001_FlipkartSearch@11f0a5a1]" started-at="2025-05-06T20:00:39 IST" name="setUp" finished-at="2025-05-06T20:00:56 IST" duration-ms="17760" status="PASS">
          <params>
            <param index="0">
              <value>
                <![CDATA[chrome]]>
              </value>
            </param>
            <param index="1">
              <value>
                <![CDATA[windows]]>
              </value>
            </param>
          </params>
          <reporter-output>
          </reporter-output>
        </test-method> <!-- setUp -->
        <test-method signature="flipkart_search()[pri:0, instance:testCases.TC001_FlipkartSearch@11f0a5a1]" started-at="2025-05-06T20:00:57 IST" name="flipkart_search" finished-at="2025-05-06T20:01:06 IST" duration-ms="9562" status="PASS">
          <reporter-output>
          </reporter-output>
        </test-method> <!-- flipkart_search -->
        <test-method is-config="true" signature="close()[pri:0, instance:testCases.TC001_FlipkartSearch@11f0a5a1]" started-at="2025-05-06T20:01:06 IST" name="close" finished-at="2025-05-06T20:01:06 IST" duration-ms="331" status="PASS">
          <reporter-output>
          </reporter-output>
        </test-method> <!-- close -->
      </class> <!-- testCases.TC001_FlipkartSearch -->
    </test> <!-- Test -->
  </suite> <!-- Suite -->
</testng-results>
